[Fri Sep 26 19:26:38 202] - next
[Mon Sep 29 14:57:03 202] - new white
[Mon Sep 29 14:57:08 202] - black JJ
[Mon Sep 29 14:57:09 202] - next
[Mon Sep 29 14:58:09 202] - new black
[Mon Sep 29 14:58:20 202] - white KK
[Mon Sep 29 14:58:23 202] - white LL
[Mon Sep 29 14:58:38 202] - print
[Mon Sep 29 14:58:42 202] - next
[Mon Sep 29 14:59:26 202] - new black
[Mon Sep 29 14:59:31 202] - white LL
[Mon Sep 29 14:59:34 202] - white MM
[Mon Sep 29 14:59:35 202] - next
[Mon Sep 29 15:00:05 202] - new blakc
[Mon Sep 29 15:00:09 202] - new black
[Mon Sep 29 15:00:12 202] - white LL
[Mon Sep 29 15:00:14 202] - white MM
[Mon Sep 29 15:00:16 202] - next
[Mon Sep 29 15:08:57 202] - new black
[Mon Sep 29 15:08:59 202] - white LL
[Mon Sep 29 15:09:04 202] - white MM
[Mon Sep 29 15:09:06 202] - next
[Mon Sep 29 15:11:13 202] - new black
[Mon Sep 29 15:11:15 202] - white XX
[Mon Sep 29 15:11:27 202] - new balck
[Mon Sep 29 15:11:29 202] - new black
[Mon Sep 29 15:11:32 202] - white LL
[Mon Sep 29 15:11:34 202] - next
[Mon Sep 29 15:14:08 202] - new black
[Mon Sep 29 15:14:12 202] - white LL
[Mon Sep 29 15:14:13 202] - next
[Mon Sep 29 15:15:29 202] - new black
[Mon Sep 29 15:15:30 202] - next
[Mon Sep 29 15:15:56 202] - new balck
[Mon Sep 29 15:16:00 202] - new black
[Mon Sep 29 15:16:01 202] - next
[Mon Sep 29 15:17:06 202] - new black
[Mon Sep 29 15:17:08 202] - next
[Mon Sep 29 15:17:37 202] - new black
[Mon Sep 29 15:17:38 202] - next
[Mon Sep 29 15:17:52 202] - new black
[Mon Sep 29 15:17:53 202] - next
[Mon Sep 29 15:18:56 202] - new blakc
[Mon Sep 29 15:19:01 202] - new black
[Mon Sep 29 15:19:00 202] - next
[Mon Sep 29 15:19:22 202] - new black
[Mon Sep 29 15:19:25 202] - next
[Mon Sep 29 15:19:59 202] - new black
[Mon Sep 29 15:20:01 202] - next
[Mon Sep 29 15:20:20 202] - new black
[Mon Sep 29 15:20:21 202] - next
[Mon Sep 29 15:20:53 202] - new black
[Mon Sep 29 15:20:55 202] - next
[Mon Sep 29 15:21:46 202] - new black
[Mon Sep 29 15:21:51 202] - white LL
[Mon Sep 29 15:21:53 202] - white MM
[Mon Sep 29 15:21:55 202] - next
[Mon Sep 29 15:23:08 202] - new black
[Mon Sep 29 15:23:12 202] - white LL
[Mon Sep 29 15:23:13 202] - white MM
[Mon Sep 29 15:23:15 202] - next
[Mon Sep 29 15:24:54 202] - new black
[Mon Sep 29 15:24:56 202] - white LL
[Mon Sep 29 15:24:58 202] - white MM
[Mon Sep 29 15:24:59 202] - next
[Mon Sep 29 15:26:38 202] - new black
[Mon Sep 29 15:26:43 202] - white LL
[Mon Sep 29 15:26:45 202] - white MM
[Mon Sep 29 15:26:46 202] - next
[Mon Sep 29 15:27:27 202] - new black
[Mon Sep 29 15:27:29 202] - white LL
[Mon Sep 29 15:27:30 202] - next
[Mon Sep 29 15:27:47 202] - new black
[Mon Sep 29 15:27:48 202] - white LL
[Mon Sep 29 15:27:51 202] - next
[Mon Sep 29 15:28:29 202] - new black
[Mon Sep 29 15:28:33 202] - white LL
[Mon Sep 29 15:28:34 202] - next
[Mon Sep 29 15:29:07 202] - new black
[Mon Sep 29 15:29:09 202] - white LL
[Mon Sep 29 15:29:11 202] - next
[Mon Sep 29 15:29:39 202] - new black
[Mon Sep 29 15:29:41 202] - white LL
[Mon Sep 29 15:29:43 202] - next
[Mon Sep 29 15:30:44 202] - new black
[Mon Sep 29 15:30:47 202] - white LL
[Mon Sep 29 15:30:49 202] - next
[Mon Sep 29 15:32:48 202] - new black
[Mon Sep 29 15:32:51 202] - white LL
[Mon Sep 29 15:32:53 202] - next
[Mon Sep 29 15:33:05 202] - new black
[Mon Sep 29 15:33:07 202] - white LL
[Mon Sep 29 15:33:08 202] - next
[Mon Sep 29 15:33:46 202] - new black
[Mon Sep 29 15:33:48 202] - white LL
[Mon Sep 29 15:33:50 202] - white MM
[Mon Sep 29 15:33:51 202] - next
[Mon Sep 29 15:42:04 202] - new black
[Mon Sep 29 15:42:06 202] - white LL
[Mon Sep 29 15:42:08 202] - next
[Mon Sep 29 15:48:29 202] - new black
[Mon Sep 29 15:48:31 202] - white LL
[Mon Sep 29 15:48:32 202] - next
[Mon Sep 29 15:52:44 202] - new black
[Mon Sep 29 15:52:46 202] - white LL
[Mon Sep 29 15:52:49 202] - white JJ
[Mon Sep 29 15:52:54 202] - print
[Mon Sep 29 15:53:01 202] - next
[Mon Sep 29 15:57:48 202] - new black
[Mon Sep 29 15:57:50 202] - white LL
[Mon Sep 29 15:57:51 202] - white MM
[Mon Sep 29 15:57:53 202] - next
[Mon Sep 29 15:59:45 202] - new black
[Mon Sep 29 15:59:47 202] - white LL
[Mon Sep 29 15:59:48 202] - next
[Mon Sep 29 16:01:48 202] - exit
[Mon Sep 29 16:01:53 202] - new black
[Mon Sep 29 16:01:56 202] - white LL
[Mon Sep 29 16:01:57 202] - next
[Mon Sep 29 16:02:20 202] - new black
[Mon Sep 29 16:02:27 202] - white MM
[Mon Sep 29 16:02:29 202] - next
[Mon Sep 29 16:09:28 202] - new black
[Mon Sep 29 16:09:30 202] - white LL
[Mon Sep 29 16:09:32 202] - white MM
[Mon Sep 29 16:09:33 202] - next
[Mon Sep 29 16:10:43 202] - new black
[Mon Sep 29 16:11:02 202] - white LL
[Mon Sep 29 16:11:14 202] - move LL
[Mon Sep 29 16:12:37 202] - print
[Mon Sep 29 16:12:47 202] - move AA
[Mon Sep 29 16:12:51 202] - help
[Mon Sep 29 16:12:59 202] - vcf
[Mon Sep 29 16:13:03 202] - white LL
[Mon Sep 29 16:13:05 202] - print
[Mon Sep 29 16:13:12 202] - whiteSS
[Mon Sep 29 16:25:05 202] - new black
[Mon Sep 29 16:26:16 202] - move LLMM
[Mon Sep 29 16:26:22 202] - print
[Mon Sep 29 16:26:29 202] - help
[Mon Sep 29 16:26:47 202] - white AA
[Mon Sep 29 16:26:50 202] - white BB
[Mon Sep 29 16:26:51 202] - print
[Mon Sep 29 16:27:08 202] - move AABB
[Mon Sep 29 16:27:24 202] - new white
[Mon Sep 29 16:27:28 202] - move JJ
[Mon Sep 29 16:27:30 202] - print
[Mon Sep 29 16:27:37 202] - black JJ
[Mon Sep 29 16:27:37 202] - 
[Mon Sep 29 16:27:38 202] - 
[Mon Sep 29 16:27:40 202] - print
[Mon Sep 29 16:27:46 202] - next
[Mon Sep 29 16:35:12 202] - new white
[Mon Sep 29 16:35:16 202] - move JJKK
[Mon Sep 29 16:35:54 202] - new whie
[Mon Sep 29 16:35:57 202] - new white
[Mon Sep 29 16:35:59 202] - move JJ
[Mon Sep 29 16:37:11 202] - new white
[Mon Sep 29 16:37:13 202] - move JJ
[Mon Sep 29 16:37:26 202] - new white
[Mon Sep 29 16:37:28 202] - move JJKK
[Mon Sep 29 16:40:13 202] - new white
[Mon Sep 29 16:40:15 202] - move JJKK
[Mon Sep 29 16:40:23 202] - print
[Mon Sep 29 16:41:48 202] - new black
[Mon Sep 29 16:41:50 202] - move LLMM
[Mon Sep 29 16:41:59 202] - print
[Mon Sep 29 16:44:09 202] - exit
[Mon Sep 29 16:47:00 202] - new black
[Mon Sep 29 16:47:04 202] - move LLMM
[Mon Sep 29 16:47:13 202] - print
[Mon Sep 29 16:49:41 202] - new black
[Mon Sep 29 16:49:43 202] - next
[Mon Sep 29 16:49:51 202] - move AABB
[Mon Sep 29 16:50:00 202] - print
[Mon Sep 29 16:53:01 202] - new black
[Mon Sep 29 16:53:02 202] - next
[Mon Sep 29 16:53:10 202] - print
[Mon Sep 29 16:53:21 202] - nect
[Mon Sep 29 16:53:23 202] - next
[Mon Sep 29 16:53:26 202] - print
[Mon Sep 29 16:53:43 202] - move INNi
[Mon Sep 29 16:53:46 202] - print
[Mon Sep 29 16:54:05 202] - next
[Mon Sep 29 16:54:08 202] - print
[Mon Sep 29 16:54:21 202] - next
[Mon Sep 29 16:54:22 202] - print
[Mon Sep 29 16:54:42 202] - next
[Mon Sep 29 16:54:46 202] - print
[Mon Sep 29 16:54:51 202] - help
[Mon Sep 29 16:55:02 202] - move AAAC
[Mon Sep 29 16:55:04 202] - print
[Mon Sep 29 16:55:13 202] - move BBBA
[Mon Sep 29 16:55:14 202] - print
[Mon Sep 29 16:55:18 202] - next
[Mon Sep 29 16:55:20 202] - print
[Mon Sep 29 16:55:29 202] - help
[Mon Sep 29 16:55:35 202] - next
[Mon Sep 29 16:55:37 202] - print
[Mon Sep 29 16:55:52 202] - exi
[Mon Sep 29 16:55:54 202] - exit
[Tue Sep 30 18:56:38 202] - new black
[Tue Sep 30 18:59:28 202] - new black
[Tue Sep 30 18:59:41 202] - new black
[Tue Sep 30 19:00:23 202] - new black
[Tue Sep 30 19:00:28 202] - white LLMM
[Tue Sep 30 19:00:31 202] - next
[Tue Sep 30 19:04:54 202] - new balck
[Tue Sep 30 19:04:58 202] - new black
[Tue Sep 30 19:05:03 202] - white LLMM
[Tue Sep 30 19:05:04 202] - next
[Tue Sep 30 19:06:07 202] - new black
[Tue Sep 30 19:06:10 202] - white LLMM
[Tue Sep 30 19:06:12 202] - next
[Tue Sep 30 19:06:22 202] - new black
[Tue Sep 30 19:06:24 202] - white LLMM
[Tue Sep 30 19:06:25 202] - next
[Tue Sep 30 19:06:29 202] - print
[Tue Sep 30 19:06:37 202] - white BBCC
[Tue Sep 30 19:06:39 202] - next
[Tue Sep 30 19:06:42 202] - print
[Wed Oct  1 16:11:02 202] - new black
[Wed Oct  1 16:11:07 202] - white LLMM
[Wed Oct  1 16:11:08 202] - next
[Wed Oct  1 16:11:14 202] - print
[Thu Oct  2 09:57:52 202] - new blaxk
[Thu Oct  2 09:57:55 202] - new black
[Thu Oct  2 09:58:00 202] - white LLMM
[Thu Oct  2 09:58:02 202] - next
[Thu Oct  2 09:58:13 202] - print
[Thu Oct  2 09:58:19 202] - next
[Thu Oct  2 09:58:22 202] - print
[Thu Oct  2 09:58:29 202] - next
[Thu Oct  2 09:58:35 202] - print
[Fri Oct  3 10:02:14 202] - new black
[Fri Oct  3 10:03:40 202] - new black
[Fri Oct  3 10:04:11 202] - new black
[Fri Oct  3 10:04:14 202] - move LLMM
[Fri Oct  3 10:04:17 202] - print
[Fri Oct  3 10:04:36 202] - move MMKK
[Fri Oct  3 10:04:43 202] - print
[Fri Oct  3 10:10:01 202] - move KNLN
[Fri Oct  3 10:10:04 202] - print
[Fri Oct  3 10:10:20 202] - move JNIN
[Fri Oct  3 10:10:24 202] - print
[Fri Oct  3 10:10:35 202] - move HNGN
[Fri Oct  3 10:11:02 202] - exit
