[Fri Oct  3 18:09:19 2025] - name
[Fri Oct  3 18:09:19 2025] - depth 4
[Fri Oct  3 18:09:19 2025] - vcf
[Fri Oct  3 18:09:22 2025] - name
[Fri Oct  3 18:09:22 2025] - depth 4
[Fri Oct  3 18:09:22 2025] - vcf
[Fri Oct  3 18:09:25 2025] - name
[Fri Oct  3 18:09:25 2025] - depth 4
[Fri Oct  3 18:09:25 2025] - vcf
[Fri Oct  3 18:09:25 2025] - name
[Fri Oct  3 18:09:25 2025] - depth 4
[Fri Oct  3 18:09:25 2025] - vcf
[Fri Oct  3 18:09:25 2025] - new black
[Fri Oct  3 18:09:25 2025] - next
[Fri Oct  3 18:09:26 2025] - black JJJJ
[Fri Oct  3 18:09:26 2025] - next
[Fri Oct  3 18:09:27 2025] - black JJJJ
[Fri Oct  3 18:09:27 2025] - white JKKJ
[Fri Oct  3 18:09:27 2025] - next
[Fri Oct  3 18:14:15 2025] - name
[Fri Oct  3 18:14:22 2025] - name
[Fri Oct  3 18:14:22 2025] - depth 4
[Fri Oct  3 18:14:24 2025] - name
[Fri Oct  3 18:14:24 2025] - depth 4
[Fri Oct  3 18:14:24 2025] - vcf
[Fri Oct  3 18:14:40 2025] - name
[Fri Oct  3 18:14:40 2025] - depth 4
[Fri Oct  3 18:14:42 2025] - name
[Fri Oct  3 18:14:42 2025] - depth 4
[Fri Oct  3 18:14:42 2025] - vcf
[Fri Oct  3 18:14:42 2025] - name
[Fri Oct  3 18:14:42 2025] - depth 4
[Fri Oct  3 18:14:42 2025] - vcf
[Fri Oct  3 18:14:42 2025] - new xxx
[Fri Oct  3 18:14:42 2025] - next
[Fri Oct  3 18:14:42 2025] - new xxx
[Fri Oct  3 18:14:42 2025] - black JJJJ
[Fri Oct  3 18:14:42 2025] - next
[Fri Oct  3 18:14:43 2025] - new xxx
[Fri Oct  3 18:14:43 2025] - black JJJJ
[Fri Oct  3 18:14:43 2025] - white JKKJ
[Fri Oct  3 18:14:43 2025] - next
[Fri Oct  3 18:14:44 2025] - new xxx
[Fri Oct  3 18:14:44 2025] - black JJJJ
[Fri Oct  3 18:14:44 2025] - white JKKJ
[Fri Oct  3 18:14:44 2025] - black ILIK
[Fri Oct  3 18:14:44 2025] - next
[Fri Oct  3 18:14:45 2025] - new xxx
[Fri Oct  3 18:14:45 2025] - black JJJJ
[Fri Oct  3 18:14:45 2025] - white JKKJ
[Fri Oct  3 18:14:45 2025] - black ILIK
[Fri Oct  3 18:14:45 2025] - white KIII
[Fri Oct  3 18:14:45 2025] - next
[Fri Oct  3 18:14:46 2025] - new xxx
[Fri Oct  3 18:14:46 2025] - black JJJJ
[Fri Oct  3 18:14:46 2025] - white JKKJ
[Fri Oct  3 18:14:46 2025] - black ILIK
[Fri Oct  3 18:14:46 2025] - white KIII
[Fri Oct  3 18:14:46 2025] - black JIKL
[Fri Oct  3 18:14:46 2025] - next
[Fri Oct  3 18:14:47 2025] - new xxx
[Fri Oct  3 18:14:47 2025] - black JJJJ
[Fri Oct  3 18:14:47 2025] - white JKKJ
[Fri Oct  3 18:14:47 2025] - black ILIK
[Fri Oct  3 18:14:47 2025] - white KIII
[Fri Oct  3 18:14:47 2025] - black JIKL
[Fri Oct  3 18:14:47 2025] - white JHJL
[Fri Oct  3 18:14:47 2025] - next
[Fri Oct  3 18:14:47 2025] - new xxx
[Fri Oct  3 18:14:47 2025] - black JJJJ
[Fri Oct  3 18:14:47 2025] - white JKKJ
[Fri Oct  3 18:14:47 2025] - black ILIK
[Fri Oct  3 18:14:47 2025] - white KIII
[Fri Oct  3 18:14:47 2025] - black JIKL
[Fri Oct  3 18:14:47 2025] - white JHJL
[Fri Oct  3 18:14:47 2025] - black INIM
[Fri Oct  3 18:14:47 2025] - next
[Fri Oct  3 18:14:48 2025] - new xxx
[Fri Oct  3 18:14:48 2025] - black JJJJ
[Fri Oct  3 18:14:48 2025] - white JKKJ
[Fri Oct  3 18:14:48 2025] - black ILIK
[Fri Oct  3 18:14:48 2025] - white KIII
[Fri Oct  3 18:14:48 2025] - black JIKL
[Fri Oct  3 18:14:48 2025] - white JHJL
[Fri Oct  3 18:14:48 2025] - black INIM
[Fri Oct  3 18:14:48 2025] - white IOJM
[Fri Oct  3 18:14:48 2025] - next
[Fri Oct  3 18:14:49 2025] - new xxx
[Fri Oct  3 18:14:49 2025] - black JJJJ
[Fri Oct  3 18:14:49 2025] - white JKKJ
[Fri Oct  3 18:14:49 2025] - black ILIK
[Fri Oct  3 18:14:49 2025] - white KIII
[Fri Oct  3 18:14:49 2025] - black JIKL
[Fri Oct  3 18:14:49 2025] - white JHJL
[Fri Oct  3 18:14:49 2025] - black INIM
[Fri Oct  3 18:14:49 2025] - white IOJM
[Fri Oct  3 18:14:49 2025] - black JNGK
[Fri Oct  3 18:14:49 2025] - next
[Fri Oct  3 18:14:49 2025] - new xxx
[Fri Oct  3 18:14:49 2025] - black JJJJ
[Fri Oct  3 18:14:49 2025] - white JKKJ
[Fri Oct  3 18:14:49 2025] - black ILIK
[Fri Oct  3 18:14:49 2025] - white KIII
[Fri Oct  3 18:14:49 2025] - black JIKL
[Fri Oct  3 18:14:49 2025] - white JHJL
[Fri Oct  3 18:14:49 2025] - black INIM
[Fri Oct  3 18:14:49 2025] - white IOJM
[Fri Oct  3 18:14:49 2025] - black JNGK
[Fri Oct  3 18:14:49 2025] - white HLHN
[Fri Oct  3 18:14:49 2025] - next
[Fri Oct  3 18:14:50 2025] - new xxx
[Fri Oct  3 18:14:50 2025] - black JJJJ
[Fri Oct  3 18:14:50 2025] - white JKKJ
[Fri Oct  3 18:14:50 2025] - black ILIK
[Fri Oct  3 18:14:50 2025] - white KIII
[Fri Oct  3 18:14:50 2025] - black JIKL
[Fri Oct  3 18:14:50 2025] - white JHJL
[Fri Oct  3 18:14:50 2025] - black INIM
[Fri Oct  3 18:14:50 2025] - white IOJM
[Fri Oct  3 18:14:50 2025] - black JNGK
[Fri Oct  3 18:14:50 2025] - white HLHN
[Fri Oct  3 18:14:50 2025] - black HKFK
[Fri Oct  3 18:14:50 2025] - next
[Fri Oct  3 18:14:51 2025] - new xxx
[Fri Oct  3 18:14:51 2025] - black JJJJ
[Fri Oct  3 18:14:51 2025] - white JKKJ
[Fri Oct  3 18:14:51 2025] - black ILIK
[Fri Oct  3 18:14:51 2025] - white KIII
[Fri Oct  3 18:14:51 2025] - black JIKL
[Fri Oct  3 18:14:51 2025] - white JHJL
[Fri Oct  3 18:14:51 2025] - black INIM
[Fri Oct  3 18:14:51 2025] - white IOJM
[Fri Oct  3 18:14:51 2025] - black JNGK
[Fri Oct  3 18:14:51 2025] - white HLHN
[Fri Oct  3 18:14:51 2025] - black HKFK
[Fri Oct  3 18:14:51 2025] - white EKGL
[Fri Oct  3 18:14:51 2025] - next
[Fri Oct  3 18:14:52 2025] - new xxx
[Fri Oct  3 18:14:52 2025] - black JJJJ
[Fri Oct  3 18:14:52 2025] - white JKKJ
[Fri Oct  3 18:14:52 2025] - black ILIK
[Fri Oct  3 18:14:52 2025] - white KIII
[Fri Oct  3 18:14:52 2025] - black JIKL
[Fri Oct  3 18:14:52 2025] - white JHJL
[Fri Oct  3 18:14:52 2025] - black INIM
[Fri Oct  3 18:14:52 2025] - white IOJM
[Fri Oct  3 18:14:52 2025] - black JNGK
[Fri Oct  3 18:14:52 2025] - white HLHN
[Fri Oct  3 18:14:52 2025] - black HKFK
[Fri Oct  3 18:14:52 2025] - white EKGL
[Fri Oct  3 18:14:52 2025] - black GJFI
[Fri Oct  3 18:14:52 2025] - next
[Fri Oct  3 18:14:53 2025] - new xxx
[Fri Oct  3 18:14:53 2025] - black JJJJ
[Fri Oct  3 18:14:53 2025] - white JKKJ
[Fri Oct  3 18:14:53 2025] - black ILIK
[Fri Oct  3 18:14:53 2025] - white KIII
[Fri Oct  3 18:14:53 2025] - black JIKL
[Fri Oct  3 18:14:53 2025] - white JHJL
[Fri Oct  3 18:14:53 2025] - black INIM
[Fri Oct  3 18:14:53 2025] - white IOJM
[Fri Oct  3 18:14:53 2025] - black JNGK
[Fri Oct  3 18:14:53 2025] - white HLHN
[Fri Oct  3 18:14:53 2025] - black HKFK
[Fri Oct  3 18:14:53 2025] - white EKGL
[Fri Oct  3 18:14:53 2025] - black GJFI
[Fri Oct  3 18:14:53 2025] - white DGFL
[Fri Oct  3 18:14:53 2025] - next
[Fri Oct  3 18:14:53 2025] - new xxx
[Fri Oct  3 18:14:53 2025] - black JJJJ
[Fri Oct  3 18:14:53 2025] - white JKKJ
[Fri Oct  3 18:14:53 2025] - black ILIK
[Fri Oct  3 18:14:53 2025] - white KIII
[Fri Oct  3 18:14:53 2025] - black JIKL
[Fri Oct  3 18:14:53 2025] - white JHJL
[Fri Oct  3 18:14:53 2025] - black INIM
[Fri Oct  3 18:14:53 2025] - white IOJM
[Fri Oct  3 18:14:53 2025] - black JNGK
[Fri Oct  3 18:14:53 2025] - white HLHN
[Fri Oct  3 18:14:53 2025] - black HKFK
[Fri Oct  3 18:14:53 2025] - white EKGL
[Fri Oct  3 18:14:53 2025] - black GJFI
[Fri Oct  3 18:14:53 2025] - white DGFL
[Fri Oct  3 18:14:53 2025] - black GMEL
[Fri Oct  3 18:14:53 2025] - next
[Fri Oct  3 18:14:54 2025] - new xxx
[Fri Oct  3 18:14:54 2025] - black JJJJ
[Fri Oct  3 18:14:54 2025] - white JKKJ
[Fri Oct  3 18:14:54 2025] - black ILIK
[Fri Oct  3 18:14:54 2025] - white KIII
[Fri Oct  3 18:14:54 2025] - black JIKL
[Fri Oct  3 18:14:54 2025] - white JHJL
[Fri Oct  3 18:14:54 2025] - black INIM
[Fri Oct  3 18:14:54 2025] - white IOJM
[Fri Oct  3 18:14:54 2025] - black JNGK
[Fri Oct  3 18:14:54 2025] - white HLHN
[Fri Oct  3 18:14:54 2025] - black HKFK
[Fri Oct  3 18:14:54 2025] - white EKGL
[Fri Oct  3 18:14:54 2025] - black GJFI
[Fri Oct  3 18:14:54 2025] - white DGFL
[Fri Oct  3 18:14:54 2025] - black GMEL
[Fri Oct  3 18:14:54 2025] - white KHKG
[Fri Oct  3 18:14:54 2025] - next
[Fri Oct  3 18:14:55 2025] - new xxx
[Fri Oct  3 18:14:55 2025] - black JJJJ
[Fri Oct  3 18:14:55 2025] - white JKKJ
[Fri Oct  3 18:14:55 2025] - black ILIK
[Fri Oct  3 18:14:55 2025] - white KIII
[Fri Oct  3 18:14:55 2025] - black JIKL
[Fri Oct  3 18:14:55 2025] - white JHJL
[Fri Oct  3 18:14:55 2025] - black INIM
[Fri Oct  3 18:14:55 2025] - white IOJM
[Fri Oct  3 18:14:55 2025] - black JNGK
[Fri Oct  3 18:14:55 2025] - white HLHN
[Fri Oct  3 18:14:55 2025] - black HKFK
[Fri Oct  3 18:14:55 2025] - white EKGL
[Fri Oct  3 18:14:55 2025] - black GJFI
[Fri Oct  3 18:14:55 2025] - white DGFL
[Fri Oct  3 18:14:55 2025] - black GMEL
[Fri Oct  3 18:14:55 2025] - white KHKG
[Fri Oct  3 18:14:55 2025] - black KFIH
[Fri Oct  3 18:14:55 2025] - next
[Fri Oct  3 18:14:55 2025] - new xxx
[Fri Oct  3 18:14:55 2025] - black JJJJ
[Fri Oct  3 18:14:55 2025] - white JKKJ
[Fri Oct  3 18:14:55 2025] - black ILIK
[Fri Oct  3 18:14:55 2025] - white KIII
[Fri Oct  3 18:14:55 2025] - black JIKL
[Fri Oct  3 18:14:55 2025] - white JHJL
[Fri Oct  3 18:14:55 2025] - black INIM
[Fri Oct  3 18:14:55 2025] - white IOJM
[Fri Oct  3 18:14:55 2025] - black JNGK
[Fri Oct  3 18:14:55 2025] - white HLHN
[Fri Oct  3 18:14:55 2025] - black HKFK
[Fri Oct  3 18:14:55 2025] - white EKGL
[Fri Oct  3 18:14:55 2025] - black GJFI
[Fri Oct  3 18:14:55 2025] - white DGFL
[Fri Oct  3 18:14:55 2025] - black GMEL
[Fri Oct  3 18:14:55 2025] - white KHKG
[Fri Oct  3 18:14:55 2025] - black KFIH
[Fri Oct  3 18:14:55 2025] - white JGDM
[Fri Oct  3 18:14:55 2025] - next
[Fri Oct  3 18:14:56 2025] - new xxx
[Fri Oct  3 18:14:56 2025] - black JJJJ
[Fri Oct  3 18:14:56 2025] - white JKKJ
[Fri Oct  3 18:14:56 2025] - black ILIK
[Fri Oct  3 18:14:56 2025] - white KIII
[Fri Oct  3 18:14:56 2025] - black JIKL
[Fri Oct  3 18:14:56 2025] - white JHJL
[Fri Oct  3 18:14:56 2025] - black INIM
[Fri Oct  3 18:14:56 2025] - white IOJM
[Fri Oct  3 18:14:56 2025] - black JNGK
[Fri Oct  3 18:14:56 2025] - white HLHN
[Fri Oct  3 18:14:56 2025] - black HKFK
[Fri Oct  3 18:14:56 2025] - white EKGL
[Fri Oct  3 18:14:56 2025] - black GJFI
[Fri Oct  3 18:14:56 2025] - white DGFL
[Fri Oct  3 18:14:56 2025] - black GMEL
[Fri Oct  3 18:14:56 2025] - white KHKG
[Fri Oct  3 18:14:56 2025] - black KFIH
[Fri Oct  3 18:14:56 2025] - white JGDM
[Fri Oct  3 18:14:56 2025] - black HGGF
[Fri Oct  3 18:14:56 2025] - next
[Fri Oct  3 18:14:57 2025] - new xxx
[Fri Oct  3 18:14:57 2025] - black JJJJ
[Fri Oct  3 18:14:57 2025] - white JKKJ
[Fri Oct  3 18:14:57 2025] - black ILIK
[Fri Oct  3 18:14:57 2025] - white KIII
[Fri Oct  3 18:14:57 2025] - black JIKL
[Fri Oct  3 18:14:57 2025] - white JHJL
[Fri Oct  3 18:14:57 2025] - black INIM
[Fri Oct  3 18:14:57 2025] - white IOJM
[Fri Oct  3 18:14:57 2025] - black JNGK
[Fri Oct  3 18:14:57 2025] - white HLHN
[Fri Oct  3 18:14:57 2025] - black HKFK
[Fri Oct  3 18:14:57 2025] - white EKGL
[Fri Oct  3 18:14:57 2025] - black GJFI
[Fri Oct  3 18:14:57 2025] - white DGFL
[Fri Oct  3 18:14:57 2025] - black GMEL
[Fri Oct  3 18:14:57 2025] - white KHKG
[Fri Oct  3 18:14:57 2025] - black KFIH
[Fri Oct  3 18:14:57 2025] - white JGDM
[Fri Oct  3 18:14:57 2025] - black HGGF
[Fri Oct  3 18:14:57 2025] - white FEHJ
[Fri Oct  3 18:14:57 2025] - next
[Fri Oct  3 18:14:58 2025] - new xxx
[Fri Oct  3 18:14:58 2025] - black JJJJ
[Fri Oct  3 18:14:58 2025] - white JKKJ
[Fri Oct  3 18:14:58 2025] - black ILIK
[Fri Oct  3 18:14:58 2025] - white KIII
[Fri Oct  3 18:14:58 2025] - black JIKL
[Fri Oct  3 18:14:58 2025] - white JHJL
[Fri Oct  3 18:14:58 2025] - black INIM
[Fri Oct  3 18:14:58 2025] - white IOJM
[Fri Oct  3 18:14:58 2025] - black JNGK
[Fri Oct  3 18:14:58 2025] - white HLHN
[Fri Oct  3 18:14:58 2025] - black HKFK
[Fri Oct  3 18:14:58 2025] - white EKGL
[Fri Oct  3 18:14:58 2025] - black GJFI
[Fri Oct  3 18:14:58 2025] - white DGFL
[Fri Oct  3 18:14:58 2025] - black GMEL
[Fri Oct  3 18:14:58 2025] - white KHKG
[Fri Oct  3 18:14:58 2025] - black KFIH
[Fri Oct  3 18:14:58 2025] - white JGDM
[Fri Oct  3 18:14:58 2025] - black HGGF
[Fri Oct  3 18:14:58 2025] - white FEHJ
[Fri Oct  3 18:14:58 2025] - black LFIF
[Fri Oct  3 18:14:58 2025] - next
[Fri Oct  3 18:14:58 2025] - new xxx
[Fri Oct  3 18:14:58 2025] - black JJJJ
[Fri Oct  3 18:14:58 2025] - white JKKJ
[Fri Oct  3 18:14:58 2025] - black ILIK
[Fri Oct  3 18:14:58 2025] - white KIII
[Fri Oct  3 18:14:58 2025] - black JIKL
[Fri Oct  3 18:14:58 2025] - white JHJL
[Fri Oct  3 18:14:58 2025] - black INIM
[Fri Oct  3 18:14:58 2025] - white IOJM
[Fri Oct  3 18:14:58 2025] - black JNGK
[Fri Oct  3 18:14:58 2025] - white HLHN
[Fri Oct  3 18:14:58 2025] - black HKFK
[Fri Oct  3 18:14:58 2025] - white EKGL
[Fri Oct  3 18:14:58 2025] - black GJFI
[Fri Oct  3 18:14:58 2025] - white DGFL
[Fri Oct  3 18:14:58 2025] - black GMEL
[Fri Oct  3 18:14:58 2025] - white KHKG
[Fri Oct  3 18:14:58 2025] - black KFIH
[Fri Oct  3 18:14:58 2025] - white JGDM
[Fri Oct  3 18:14:58 2025] - black HGGF
[Fri Oct  3 18:14:58 2025] - white FEHJ
[Fri Oct  3 18:14:58 2025] - black LFIF
[Fri Oct  3 18:14:58 2025] - white HFIG
[Fri Oct  3 18:14:58 2025] - next
[Fri Oct  3 18:14:59 2025] - new xxx
[Fri Oct  3 18:14:59 2025] - black JJJJ
[Fri Oct  3 18:14:59 2025] - white JKKJ
[Fri Oct  3 18:14:59 2025] - black ILIK
[Fri Oct  3 18:14:59 2025] - white KIII
[Fri Oct  3 18:14:59 2025] - black JIKL
[Fri Oct  3 18:14:59 2025] - white JHJL
[Fri Oct  3 18:14:59 2025] - black INIM
[Fri Oct  3 18:14:59 2025] - white IOJM
[Fri Oct  3 18:14:59 2025] - black JNGK
[Fri Oct  3 18:14:59 2025] - white HLHN
[Fri Oct  3 18:14:59 2025] - black HKFK
[Fri Oct  3 18:14:59 2025] - white EKGL
[Fri Oct  3 18:14:59 2025] - black GJFI
[Fri Oct  3 18:14:59 2025] - white DGFL
[Fri Oct  3 18:14:59 2025] - black GMEL
[Fri Oct  3 18:14:59 2025] - white KHKG
[Fri Oct  3 18:14:59 2025] - black KFIH
[Fri Oct  3 18:14:59 2025] - white JGDM
[Fri Oct  3 18:14:59 2025] - black HGGF
[Fri Oct  3 18:14:59 2025] - white FEHJ
[Fri Oct  3 18:14:59 2025] - black LFIF
[Fri Oct  3 18:14:59 2025] - white HFIG
[Fri Oct  3 18:14:59 2025] - black GELJ
[Fri Oct  3 18:14:59 2025] - next
[Fri Oct  3 18:15:00 2025] - new xxx
[Fri Oct  3 18:15:00 2025] - black JJJJ
[Fri Oct  3 18:15:00 2025] - white JKKJ
[Fri Oct  3 18:15:00 2025] - black ILIK
[Fri Oct  3 18:15:00 2025] - white KIII
[Fri Oct  3 18:15:00 2025] - black JIKL
[Fri Oct  3 18:15:00 2025] - white JHJL
[Fri Oct  3 18:15:00 2025] - black INIM
[Fri Oct  3 18:15:00 2025] - white IOJM
[Fri Oct  3 18:15:00 2025] - black JNGK
[Fri Oct  3 18:15:00 2025] - white HLHN
[Fri Oct  3 18:15:00 2025] - black HKFK
[Fri Oct  3 18:15:00 2025] - white EKGL
[Fri Oct  3 18:15:00 2025] - black GJFI
[Fri Oct  3 18:15:00 2025] - white DGFL
[Fri Oct  3 18:15:00 2025] - black GMEL
[Fri Oct  3 18:15:00 2025] - white KHKG
[Fri Oct  3 18:15:00 2025] - black KFIH
[Fri Oct  3 18:15:00 2025] - white JGDM
[Fri Oct  3 18:15:00 2025] - black HGGF
[Fri Oct  3 18:15:00 2025] - white FEHJ
[Fri Oct  3 18:15:00 2025] - black LFIF
[Fri Oct  3 18:15:00 2025] - white HFIG
[Fri Oct  3 18:15:00 2025] - black GELJ
[Fri Oct  3 18:15:00 2025] - white GHJF
[Fri Oct  3 18:15:00 2025] - next
[Fri Oct  3 18:15:01 2025] - new xxx
[Fri Oct  3 18:15:01 2025] - black JJJJ
[Fri Oct  3 18:15:01 2025] - white JKKJ
[Fri Oct  3 18:15:01 2025] - black ILIK
[Fri Oct  3 18:15:01 2025] - white KIII
[Fri Oct  3 18:15:01 2025] - black JIKL
[Fri Oct  3 18:15:01 2025] - white JHJL
[Fri Oct  3 18:15:01 2025] - black INIM
[Fri Oct  3 18:15:01 2025] - white IOJM
[Fri Oct  3 18:15:01 2025] - black JNGK
[Fri Oct  3 18:15:01 2025] - white HLHN
[Fri Oct  3 18:15:01 2025] - black HKFK
[Fri Oct  3 18:15:01 2025] - white EKGL
[Fri Oct  3 18:15:01 2025] - black GJFI
[Fri Oct  3 18:15:01 2025] - white DGFL
[Fri Oct  3 18:15:01 2025] - black GMEL
[Fri Oct  3 18:15:01 2025] - white KHKG
[Fri Oct  3 18:15:01 2025] - black KFIH
[Fri Oct  3 18:15:01 2025] - white JGDM
[Fri Oct  3 18:15:01 2025] - black HGGF
[Fri Oct  3 18:15:01 2025] - white FEHJ
[Fri Oct  3 18:15:01 2025] - black LFIF
[Fri Oct  3 18:15:01 2025] - white HFIG
[Fri Oct  3 18:15:01 2025] - black GELJ
[Fri Oct  3 18:15:01 2025] - white GHJF
[Fri Oct  3 18:15:01 2025] - black LGLH
[Fri Oct  3 18:15:01 2025] - next
[Fri Oct  3 18:15:01 2025] - new xxx
[Fri Oct  3 18:15:01 2025] - black JJJJ
[Fri Oct  3 18:15:01 2025] - white JKKJ
[Fri Oct  3 18:15:01 2025] - black ILIK
[Fri Oct  3 18:15:01 2025] - white KIII
[Fri Oct  3 18:15:01 2025] - black JIKL
[Fri Oct  3 18:15:01 2025] - white JHJL
[Fri Oct  3 18:15:01 2025] - black INIM
[Fri Oct  3 18:15:01 2025] - white IOJM
[Fri Oct  3 18:15:01 2025] - black JNGK
[Fri Oct  3 18:15:01 2025] - white HLHN
[Fri Oct  3 18:15:01 2025] - black HKFK
[Fri Oct  3 18:15:01 2025] - white EKGL
[Fri Oct  3 18:15:01 2025] - black GJFI
[Fri Oct  3 18:15:01 2025] - white DGFL
[Fri Oct  3 18:15:01 2025] - black GMEL
[Fri Oct  3 18:15:01 2025] - white KHKG
[Fri Oct  3 18:15:01 2025] - black KFIH
[Fri Oct  3 18:15:01 2025] - white JGDM
[Fri Oct  3 18:15:01 2025] - black HGGF
[Fri Oct  3 18:15:01 2025] - white FEHJ
[Fri Oct  3 18:15:01 2025] - black LFIF
[Fri Oct  3 18:15:01 2025] - white HFIG
[Fri Oct  3 18:15:01 2025] - black GELJ
[Fri Oct  3 18:15:01 2025] - white GHJF
[Fri Oct  3 18:15:01 2025] - black LGLH
[Fri Oct  3 18:15:01 2025] - white LIMJ
[Fri Oct  3 18:15:01 2025] - next
[Fri Oct  3 18:15:02 2025] - new xxx
[Fri Oct  3 18:15:02 2025] - black JJJJ
[Fri Oct  3 18:15:02 2025] - white JKKJ
[Fri Oct  3 18:15:02 2025] - black ILIK
[Fri Oct  3 18:15:02 2025] - white KIII
[Fri Oct  3 18:15:02 2025] - black JIKL
[Fri Oct  3 18:15:02 2025] - white JHJL
[Fri Oct  3 18:15:02 2025] - black INIM
[Fri Oct  3 18:15:02 2025] - white IOJM
[Fri Oct  3 18:15:02 2025] - black JNGK
[Fri Oct  3 18:15:02 2025] - white HLHN
[Fri Oct  3 18:15:02 2025] - black HKFK
[Fri Oct  3 18:15:02 2025] - white EKGL
[Fri Oct  3 18:15:02 2025] - black GJFI
[Fri Oct  3 18:15:02 2025] - white DGFL
[Fri Oct  3 18:15:02 2025] - black GMEL
[Fri Oct  3 18:15:02 2025] - white KHKG
[Fri Oct  3 18:15:02 2025] - black KFIH
[Fri Oct  3 18:15:02 2025] - white JGDM
[Fri Oct  3 18:15:02 2025] - black HGGF
[Fri Oct  3 18:15:02 2025] - white FEHJ
[Fri Oct  3 18:15:02 2025] - black LFIF
[Fri Oct  3 18:15:02 2025] - white HFIG
[Fri Oct  3 18:15:02 2025] - black GELJ
[Fri Oct  3 18:15:02 2025] - white GHJF
[Fri Oct  3 18:15:02 2025] - black LGLH
[Fri Oct  3 18:15:02 2025] - white LIMJ
[Fri Oct  3 18:15:02 2025] - black NKLD
[Fri Oct  3 18:15:02 2025] - next
[Fri Oct  3 18:15:03 2025] - new xxx
[Fri Oct  3 18:15:03 2025] - black JJJJ
[Fri Oct  3 18:15:03 2025] - white JKKJ
[Fri Oct  3 18:15:03 2025] - black ILIK
[Fri Oct  3 18:15:03 2025] - white KIII
[Fri Oct  3 18:15:03 2025] - black JIKL
[Fri Oct  3 18:15:03 2025] - white JHJL
[Fri Oct  3 18:15:03 2025] - black INIM
[Fri Oct  3 18:15:03 2025] - white IOJM
[Fri Oct  3 18:15:03 2025] - black JNGK
[Fri Oct  3 18:15:03 2025] - white HLHN
[Fri Oct  3 18:15:03 2025] - black HKFK
[Fri Oct  3 18:15:03 2025] - white EKGL
[Fri Oct  3 18:15:03 2025] - black GJFI
[Fri Oct  3 18:15:03 2025] - white DGFL
[Fri Oct  3 18:15:03 2025] - black GMEL
[Fri Oct  3 18:15:03 2025] - white KHKG
[Fri Oct  3 18:15:03 2025] - black KFIH
[Fri Oct  3 18:15:03 2025] - white JGDM
[Fri Oct  3 18:15:03 2025] - black HGGF
[Fri Oct  3 18:15:03 2025] - white FEHJ
[Fri Oct  3 18:15:03 2025] - black LFIF
[Fri Oct  3 18:15:03 2025] - white HFIG
[Fri Oct  3 18:15:03 2025] - black GELJ
[Fri Oct  3 18:15:03 2025] - white GHJF
[Fri Oct  3 18:15:03 2025] - black LGLH
[Fri Oct  3 18:15:03 2025] - white LIMJ
[Fri Oct  3 18:15:03 2025] - black NKLD
[Fri Oct  3 18:15:03 2025] - white LEJE
[Fri Oct  3 18:15:03 2025] - next
[Fri Oct  3 18:15:03 2025] - new xxx
[Fri Oct  3 18:15:03 2025] - black JJJJ
[Fri Oct  3 18:15:03 2025] - white JKKJ
[Fri Oct  3 18:15:03 2025] - black ILIK
[Fri Oct  3 18:15:03 2025] - white KIII
[Fri Oct  3 18:15:03 2025] - black JIKL
[Fri Oct  3 18:15:03 2025] - white JHJL
[Fri Oct  3 18:15:03 2025] - black INIM
[Fri Oct  3 18:15:03 2025] - white IOJM
[Fri Oct  3 18:15:03 2025] - black JNGK
[Fri Oct  3 18:15:03 2025] - white HLHN
[Fri Oct  3 18:15:03 2025] - black HKFK
[Fri Oct  3 18:15:03 2025] - white EKGL
[Fri Oct  3 18:15:03 2025] - black GJFI
[Fri Oct  3 18:15:03 2025] - white DGFL
[Fri Oct  3 18:15:03 2025] - black GMEL
[Fri Oct  3 18:15:03 2025] - white KHKG
[Fri Oct  3 18:15:03 2025] - black KFIH
[Fri Oct  3 18:15:03 2025] - white JGDM
[Fri Oct  3 18:15:03 2025] - black HGGF
[Fri Oct  3 18:15:03 2025] - white FEHJ
[Fri Oct  3 18:15:03 2025] - black LFIF
[Fri Oct  3 18:15:03 2025] - white HFIG
[Fri Oct  3 18:15:03 2025] - black GELJ
[Fri Oct  3 18:15:03 2025] - white GHJF
[Fri Oct  3 18:15:03 2025] - black LGLH
[Fri Oct  3 18:15:03 2025] - white LIMJ
[Fri Oct  3 18:15:03 2025] - black NKLD
[Fri Oct  3 18:15:03 2025] - white LEJE
[Fri Oct  3 18:15:03 2025] - black JDME
[Fri Oct  3 18:15:03 2025] - next
[Fri Oct  3 18:15:34 2025] - name
[Fri Oct  3 18:15:34 2025] - depth 4
[Fri Oct  3 18:15:34 2025] - vcf
